<?xml version="1.0" encoding="UTF-8"?>
<testsuite xmlns:xsi="http://www.w3.org/2001/XMLSchema-instance" xsi:noNamespaceSchemaLocation="https://maven.apache.org/surefire/maven-surefire-plugin/xsd/surefire-test-report-3.0.xsd" version="3.0" name="com.example.backend.controller.BeneficioControllerTest" time="0.052" tests="1" errors="1" skipped="0" failures="0">
  <properties>
[...]
</properties>
  <testcase name="" classname="com.example.backend.controller.BeneficioControllerTest" time="0.052">
    <error message="Failed to find merged annotation for @org.springframework.test.context.BootstrapWith(org.springframework.boot.test.autoconfigure.web.servlet.WebMvcTestContextBootstrapper.class)" type="java.lang.IllegalStateException"><![CDATA[java.lang.IllegalStateException: Failed to find merged annotation for @org.springframework.test.context.BootstrapWith(org.springframework.boot.test.autoconfigure.web.servlet.WebMvcTestContextBootstrapper.class)
	at org.springframework.util.Assert.state(Assert.java:97)
	at org.springframework.test.context.TestContextAnnotationUtils$AnnotationDescriptor.<init>(TestContextAnnotationUtils.java:520)
	at org.springframework.test.context.TestContextAnnotationUtils.findAnnotationDescriptor(TestContextAnnotationUtils.java:259)
	at org.springframework.test.context.TestContextAnnotationUtils.findAnnotationDescriptor(TestContextAnnotationUtils.java:221)
	at org.springframework.test.context.BootstrapUtils.resolveExplicitTestContextBootstrapper(BootstrapUtils.java:175)
	at org.springframework.test.context.BootstrapUtils.resolveTestContextBootstrapper(BootstrapUtils.java:150)
	at org.springframework.test.context.BootstrapUtils.resolveTestContextBootstrapper(BootstrapUtils.java:126)
	at org.springframework.test.context.TestContextManager.<init>(TestContextManager.java:126)
	at org.springframework.test.context.junit.jupiter.SpringExtension.getTestContextManager(SpringExtension.java:366)
	at org.springframework.test.context.junit.jupiter.SpringExtension.beforeAll(SpringExtension.java:131)
	at java.base/java.util.ArrayList.forEach(ArrayList.java:1511)
]]></error>
  </testcase>
</testsuite>